01_labs/Lab04_Android_Toolbar_Apartments/Lab04_Android_Toolbar_Apartments/app/build/intermediates/manifest_merge_blame_file/debug/manifest-merger-blame-debug-report.txt
1<?xml version="1.0" encoding="utf-8"?>
2<manifest xmlns:android="http://schemas.android.com/apk/res/android"
3    package="ch.hevs.apartments"
4    android:versionCode="1"
5    android:versionName="1.0" >
6
7    <uses-sdk
8        android:minSdkVersion="14"
8-->src/main/AndroidManifest.xml
9        android:targetSdkVersion="26" />
9-->src/main/AndroidManifest.xml
10
11    <application
11-->src/main/AndroidManifest.xml:8:5-44:19
12        android:allowBackup="true"
12-->src/main/AndroidManifest.xml:9:9-35
13        android:debuggable="true"
14        android:icon="@drawable/ic_launcher"
14-->src/main/AndroidManifest.xml:10:9-45
15        android:label="@string/app_name"
15-->src/main/AndroidManifest.xml:11:9-41
16        android:testOnly="true"
17        android:theme="@style/Theme.AppCompat.Light.NoActionBar" >
17-->src/main/AndroidManifest.xml:12:9-65
18        <activity
18-->src/main/AndroidManifest.xml:13:9-23:20
19            android:name="ch.hevs.apartments.MainActivity"
19-->src/main/AndroidManifest.xml:14:13-59
20            android:configChanges="keyboardHidden|orientation|screenSize"
20-->src/main/AndroidManifest.xml:15:13-74
21            android:label="@string/app_name"
21-->src/main/AndroidManifest.xml:16:13-45
22            android:screenOrientation="portrait" >
22-->src/main/AndroidManifest.xml:17:13-49
23            <intent-filter>
23-->src/main/AndroidManifest.xml:18:13-22:29
24                <action android:name="android.intent.action.MAIN" />
24-->src/main/AndroidManifest.xml:19:17-69
24-->src/main/AndroidManifest.xml:19:25-66
25
26                <category android:name="android.intent.category.LAUNCHER" />
26-->src/main/AndroidManifest.xml:21:17-77
26-->src/main/AndroidManifest.xml:21:27-74
27            </intent-filter>
28        </activity>
29        <activity
29-->src/main/AndroidManifest.xml:24:9-33:20
30            android:name="ch.hevs.apartments.ShowApartment"
30-->src/main/AndroidManifest.xml:25:13-60
31            android:configChanges="keyboardHidden|orientation|screenSize"
31-->src/main/AndroidManifest.xml:26:13-74
32            android:label="@string/title_activity_show_apartment"
32-->src/main/AndroidManifest.xml:27:13-66
33            android:parentActivityName="ch.hevs.apartments.MainActivity"
33-->src/main/AndroidManifest.xml:28:13-73
34            android:screenOrientation="portrait" >
34-->src/main/AndroidManifest.xml:29:13-49
35            <meta-data
35-->src/main/AndroidManifest.xml:30:13-32:67
36                android:name="android.support.PARENT_ACTIVITY"
36-->src/main/AndroidManifest.xml:31:17-63
37                android:value="ch.hevs.apartments.MainActivity" />
37-->src/main/AndroidManifest.xml:32:17-64
38        </activity>
39        <activity
39-->src/main/AndroidManifest.xml:34:9-43:20
40            android:name="ch.hevs.apartments.About"
40-->src/main/AndroidManifest.xml:35:13-52
41            android:label="@string/title_activity_about"
41-->src/main/AndroidManifest.xml:36:13-57
42            android:parentActivityName="ch.hevs.apartments.MainActivity" >
42-->src/main/AndroidManifest.xml:37:13-73
43            <meta-data
43-->src/main/AndroidManifest.xml:30:13-32:67
44                android:name="android.support.PARENT_ACTIVITY"
44-->src/main/AndroidManifest.xml:31:17-63
45                android:configChanges="keyboardHidden|orientation|screenSize"
45-->src/main/AndroidManifest.xml:40:17-78
46                android:screenOrientation="portrait"
46-->src/main/AndroidManifest.xml:41:17-53
47                android:value="ch.hevs.apartments.MainActivity" />
47-->src/main/AndroidManifest.xml:32:17-64
48        </activity>
49
50        <meta-data
50-->[com.android.support:appcompat-v7:26.1.0] AndroidManifest.xml:26:9-28:38
51            android:name="android.support.VERSION"
51-->[com.android.support:appcompat-v7:26.1.0] AndroidManifest.xml:27:13-51
52            android:value="26.1.0" />
52-->[com.android.support:appcompat-v7:26.1.0] AndroidManifest.xml:28:13-35
53        <meta-data
53-->[android.arch.lifecycle:runtime:1.0.0] AndroidManifest.xml:25:9-27:47
54            android:name="android.arch.lifecycle.VERSION"
54-->[android.arch.lifecycle:runtime:1.0.0] AndroidManifest.xml:26:13-58
55            android:value="27.0.0-SNAPSHOT" />
55-->[android.arch.lifecycle:runtime:1.0.0] AndroidManifest.xml:27:13-44
56    </application>
57
58</manifest>